  Ball.cpp
  RenderProcessing.cpp
C:\Users\Utilizador\OneDrive\Ambiente de Trabalho\billiardP3D\RenderProcessing.cpp(318,52): warning C4267: 'argument': conversion from 'size_t' to 'GLsizei', possible loss of data
C:\Users\Utilizador\OneDrive\Ambiente de Trabalho\billiardP3D\RenderProcessing.cpp(353,52): warning C4267: 'argument': conversion from 'size_t' to 'GLsizei', possible loss of data
MSVCRT.lib(initializers.obj) : warning LNK4098: defaultlib 'libcmt.lib' conflicts with use of other libs; use /NODEFAULTLIB:library
  Generating code
  5 of 715 functions ( 0.7%) were compiled, the rest were copied from previous compilation.
    0 functions were new in current compilation
    8 functions had inline decision re-evaluated but remain unchanged
  Finished generating code
glew32s.lib(glew.obj) : warning LNK4099: PDB '' was not found with 'glew32s.lib(glew.obj)' or at ''; linking object as if no debug info
LINK : warning LNK4286: symbol '__glewUniform3fv' defined in 'glew32s.lib(glew.obj)' is imported by 'RenderProcessing.obj'
LINK : warning LNK4286: symbol '__glewGenerateMipmap' defined in 'glew32s.lib(glew.obj)' is imported by 'RenderProcessing.obj'
LINK : warning LNK4286: symbol '__glewGenBuffers' defined in 'glew32s.lib(glew.obj)' is imported by 'RenderProcessing.obj'
LINK : warning LNK4286: symbol '__glewUniformMatrix4fv' defined in 'glew32s.lib(glew.obj)' is imported by 'RenderProcessing.obj'
LINK : warning LNK4286: symbol '__glewGenVertexArrays' defined in 'glew32s.lib(glew.obj)' is imported by 'RenderProcessing.obj'
LINK : warning LNK4286: symbol '__glewActiveTexture' defined in 'glew32s.lib(glew.obj)' is imported by 'RenderProcessing.obj'
LINK : warning LNK4286: symbol '__glewBufferData' defined in 'glew32s.lib(glew.obj)' is imported by 'RenderProcessing.obj'
LINK : warning LNK4286: symbol '__glewGetUniformLocation' defined in 'glew32s.lib(glew.obj)' is imported by 'RenderProcessing.obj'
LINK : warning LNK4286: symbol '__glewUniform1f' defined in 'glew32s.lib(glew.obj)' is imported by 'RenderProcessing.obj'
LINK : warning LNK4286: symbol '__glewUniform1i' defined in 'glew32s.lib(glew.obj)' is imported by 'RenderProcessing.obj'
LINK : warning LNK4286: symbol '__glewBindBuffer' defined in 'glew32s.lib(glew.obj)' is imported by 'RenderProcessing.obj'
LINK : warning LNK4286: symbol '__glewVertexAttribPointer' defined in 'glew32s.lib(glew.obj)' is imported by 'RenderProcessing.obj'
LINK : warning LNK4286: symbol '__glewUseProgram' defined in 'glew32s.lib(glew.obj)' is imported by 'RenderProcessing.obj'
LINK : warning LNK4286: symbol '__glewBindVertexArray' defined in 'glew32s.lib(glew.obj)' is imported by 'RenderProcessing.obj'
LINK : warning LNK4286: symbol '__glewEnableVertexAttribArray' defined in 'glew32s.lib(glew.obj)' is imported by 'RenderProcessing.obj'
LINK : warning LNK4286: symbol '__glewLinkProgram' defined in 'glew32s.lib(glew.obj)' is imported by 'ShaderLoader.obj'
LINK : warning LNK4286: symbol '__glewDeleteShader' defined in 'glew32s.lib(glew.obj)' is imported by 'ShaderLoader.obj'
LINK : warning LNK4286: symbol '__glewGetProgramInfoLog' defined in 'glew32s.lib(glew.obj)' is imported by 'ShaderLoader.obj'
LINK : warning LNK4286: symbol '__glewShaderSource' defined in 'glew32s.lib(glew.obj)' is imported by 'ShaderLoader.obj'
LINK : warning LNK4286: symbol '__glewAttachShader' defined in 'glew32s.lib(glew.obj)' is imported by 'ShaderLoader.obj'
LINK : warning LNK4286: symbol '__glewGetProgramiv' defined in 'glew32s.lib(glew.obj)' is imported by 'ShaderLoader.obj'
LINK : warning LNK4286: symbol '__glewGetShaderInfoLog' defined in 'glew32s.lib(glew.obj)' is imported by 'ShaderLoader.obj'
LINK : warning LNK4286: symbol '__glewCreateProgram' defined in 'glew32s.lib(glew.obj)' is imported by 'ShaderLoader.obj'
LINK : warning LNK4286: symbol '__glewCreateShader' defined in 'glew32s.lib(glew.obj)' is imported by 'ShaderLoader.obj'
LINK : warning LNK4286: symbol '__glewCompileShader' defined in 'glew32s.lib(glew.obj)' is imported by 'ShaderLoader.obj'
LINK : warning LNK4286: symbol '__glewGetShaderiv' defined in 'glew32s.lib(glew.obj)' is imported by 'ShaderLoader.obj'
  billiardP3D.vcxproj -> C:\Users\Utilizador\OneDrive\Ambiente de Trabalho\billiardP3D\x64\Release\billiardP3D.exe
